<?xml version="1.0" encoding="utf-8"?><testsuites name="pytest tests"><testsuite name="pytest" errors="0" failures="0" skipped="0" tests="11" time="12.202" timestamp="2026-03-12T23:34:37.046314+00:00" hostname="agent-env-6981a20a-3d51-4723-a674-d7fc91aa804f"><testcase classname="backend.tests.test_biolens_api.TestAPIRoot" name="test_api_root_accessible" time="0.142" /><testcase classname="backend.tests.test_biolens_api.TestSearchEndpoint" name="test_search_polyester_hoodie" time="0.088" /><testcase classname="backend.tests.test_biolens_api.TestSearchEndpoint" name="test_search_hemp_shirt" time="0.084" /><testcase classname="backend.tests.test_biolens_api.TestSearchEndpoint" name="test_search_bamboo_sheets" time="0.112" /><testcase classname="backend.tests.test_biolens_api.TestSearchEndpoint" name="test_search_not_found" time="0.090" /><testcase classname="backend.tests.test_biolens_api.TestMaterialsEndpoint" name="test_get_all_materials" time="0.097" /><testcase classname="backend.tests.test_biolens_api.TestMaterialsEndpoint" name="test_get_single_material_polyester" time="0.078" /><testcase classname="backend.tests.test_biolens_api.TestMaterialsEndpoint" name="test_get_single_material_hemp" time="0.113" /><testcase classname="backend.tests.test_biolens_api.TestBarcodeLookup" name="test_barcode_lookup_returns_result" time="9.619" /><testcase classname="backend.tests.test_biolens_api.TestBarcodeLookup" name="test_barcode_lookup_structure" time="1.550" /><testcase classname="backend.tests.test_biolens_api.TestPopularSearches" name="test_get_popular_searches" time="0.126" /></testsuite></testsuites>