<?xml version="1.0" encoding="utf-8"?><testsuites name="pytest tests"><testsuite name="pytest" errors="0" failures="0" skipped="0" tests="11" time="4.633" timestamp="2026-03-12T21:40:09.307713+00:00" hostname="agent-env-6981a20a-3d51-4723-a674-d7fc91aa804f"><testcase classname="backend.tests.test_biolens_api.TestAPIRoot" name="test_api_root_accessible" time="0.130" /><testcase classname="backend.tests.test_biolens_api.TestSearchEndpoint" name="test_search_polyester_hoodie" time="0.145" /><testcase classname="backend.tests.test_biolens_api.TestSearchEndpoint" name="test_search_hemp_shirt" time="0.207" /><testcase classname="backend.tests.test_biolens_api.TestSearchEndpoint" name="test_search_bamboo_sheets" time="0.138" /><testcase classname="backend.tests.test_biolens_api.TestSearchEndpoint" name="test_search_not_found" time="0.126" /><testcase classname="backend.tests.test_biolens_api.TestMaterialsEndpoint" name="test_get_all_materials" time="0.087" /><testcase classname="backend.tests.test_biolens_api.TestMaterialsEndpoint" name="test_get_single_material_polyester" time="0.092" /><testcase classname="backend.tests.test_biolens_api.TestMaterialsEndpoint" name="test_get_single_material_hemp" time="0.089" /><testcase classname="backend.tests.test_biolens_api.TestBarcodeLookup" name="test_barcode_lookup_returns_result" time="2.282" /><testcase classname="backend.tests.test_biolens_api.TestBarcodeLookup" name="test_barcode_lookup_structure" time="1.128" /><testcase classname="backend.tests.test_biolens_api.TestPopularSearches" name="test_get_popular_searches" time="0.105" /></testsuite></testsuites>